2021-10-09 20:40:50.596  INFO 15504 --- [main] tn.esprit.spring.TimesheetServiceTests   : Starting TimesheetServiceTests on LAPTOP-O4ING8EK with PID 15504 (started by HP in C:\Users\HP\Documents\DevOps\Timesheet-spring-boot-core-data-jpa-mvc-REST-1)
2021-10-09 20:40:50.605  INFO 15504 --- [main] tn.esprit.spring.TimesheetServiceTests   : No active profile set, falling back to default profiles: default
2021-10-09 20:40:51.531  INFO 15504 --- [main] .s.d.r.c.RepositoryConfigurationDelegate : Bootstrapping Spring Data repositories in DEFAULT mode.
2021-10-09 20:40:51.630  INFO 15504 --- [main] .s.d.r.c.RepositoryConfigurationDelegate : Finished Spring Data repository scanning in 90ms. Found 6 repository interfaces.
2021-10-09 20:40:52.110  INFO 15504 --- [main] trationDelegate$BeanPostProcessorChecker : Bean 'org.springframework.transaction.annotation.ProxyTransactionManagementConfiguration' of type [org.springframework.transaction.annotation.ProxyTransactionManagementConfiguration$$EnhancerBySpringCGLIB$$ff48f257] is not eligible for getting processed by all BeanPostProcessors (for example: not eligible for auto-proxying)
2021-10-09 20:40:52.349  INFO 15504 --- [main] com.zaxxer.hikari.HikariDataSource       : HikariPool-1 - Starting...
2021-10-09 20:40:52.534  INFO 15504 --- [main] com.zaxxer.hikari.HikariDataSource       : HikariPool-1 - Start completed.
2021-10-09 20:40:52.627  INFO 15504 --- [main] o.hibernate.jpa.internal.util.LogHelper  : HHH000204: Processing PersistenceUnitInfo [
	name: default
	...]
2021-10-09 20:40:52.734  INFO 15504 --- [main] org.hibernate.Version                    : HHH000412: Hibernate Core {5.3.9.Final}
2021-10-09 20:40:52.736  INFO 15504 --- [main] org.hibernate.cfg.Environment            : HHH000206: hibernate.properties not found
2021-10-09 20:40:52.953  INFO 15504 --- [main] o.hibernate.annotations.common.Version   : HCANN000001: Hibernate Commons Annotations {5.0.4.Final}
2021-10-09 20:40:53.187  INFO 15504 --- [main] org.hibernate.dialect.Dialect            : HHH000400: Using dialect: org.hibernate.dialect.MySQL5Dialect
2021-10-09 20:40:54.387  INFO 15504 --- [main] j.LocalContainerEntityManagerFactoryBean : Initialized JPA EntityManagerFactory for persistence unit 'default'
2021-10-09 20:40:54.755  INFO 15504 --- [main] o.h.h.i.QueryTranslatorFactoryInitiator  : HHH000397: Using ASTQueryTranslatorFactory
2021-10-09 20:40:55.713  INFO 15504 --- [main] o.s.s.concurrent.ThreadPoolTaskExecutor  : Initializing ExecutorService 'applicationTaskExecutor'
2021-10-09 20:40:55.779  WARN 15504 --- [main] aWebConfiguration$JpaWebMvcConfiguration : spring.jpa.open-in-view is enabled by default. Therefore, database queries may be performed during view rendering. Explicitly configure spring.jpa.open-in-view to disable this warning
2021-10-09 20:40:56.128  INFO 15504 --- [main] tn.esprit.spring.TimesheetServiceTests   : Started TimesheetServiceTests in 5.968 seconds (JVM running for 7.143)
2021-10-09 20:40:56.678  INFO 15504 --- [Thread-1] o.s.s.concurrent.ThreadPoolTaskExecutor  : Shutting down ExecutorService 'applicationTaskExecutor'
2021-10-09 20:40:56.680  INFO 15504 --- [Thread-1] j.LocalContainerEntityManagerFactoryBean : Closing JPA EntityManagerFactory for persistence unit 'default'
2021-10-09 20:40:56.687  INFO 15504 --- [Thread-1] com.zaxxer.hikari.HikariDataSource       : HikariPool-1 - Shutdown initiated...
2021-10-09 20:40:56.691  INFO 15504 --- [Thread-1] com.zaxxer.hikari.HikariDataSource       : HikariPool-1 - Shutdown completed.
2021-10-09 20:49:53.183  INFO 22964 --- [main] tn.esprit.spring.EmployeServiceTests     : Starting EmployeServiceTests on LAPTOP-O4ING8EK with PID 22964 (started by HP in C:\Users\HP\Documents\DevOps\Timesheet-spring-boot-core-data-jpa-mvc-REST-1)
2021-10-09 20:49:53.185  INFO 22964 --- [main] tn.esprit.spring.EmployeServiceTests     : No active profile set, falling back to default profiles: default
2021-10-09 20:49:53.999  INFO 22964 --- [main] .s.d.r.c.RepositoryConfigurationDelegate : Bootstrapping Spring Data repositories in DEFAULT mode.
2021-10-09 20:49:54.117  INFO 22964 --- [main] .s.d.r.c.RepositoryConfigurationDelegate : Finished Spring Data repository scanning in 108ms. Found 6 repository interfaces.
2021-10-09 20:49:54.556  INFO 22964 --- [main] trationDelegate$BeanPostProcessorChecker : Bean 'org.springframework.transaction.annotation.ProxyTransactionManagementConfiguration' of type [org.springframework.transaction.annotation.ProxyTransactionManagementConfiguration$$EnhancerBySpringCGLIB$$6bea429a] is not eligible for getting processed by all BeanPostProcessors (for example: not eligible for auto-proxying)
2021-10-09 20:49:54.912  INFO 22964 --- [main] com.zaxxer.hikari.HikariDataSource       : HikariPool-1 - Starting...
2021-10-09 20:49:55.076  INFO 22964 --- [main] com.zaxxer.hikari.HikariDataSource       : HikariPool-1 - Start completed.
2021-10-09 20:49:55.153  INFO 22964 --- [main] o.hibernate.jpa.internal.util.LogHelper  : HHH000204: Processing PersistenceUnitInfo [
	name: default
	...]
2021-10-09 20:49:55.271  INFO 22964 --- [main] org.hibernate.Version                    : HHH000412: Hibernate Core {5.3.9.Final}
2021-10-09 20:49:55.273  INFO 22964 --- [main] org.hibernate.cfg.Environment            : HHH000206: hibernate.properties not found
2021-10-09 20:49:55.519  INFO 22964 --- [main] o.hibernate.annotations.common.Version   : HCANN000001: Hibernate Commons Annotations {5.0.4.Final}
2021-10-09 20:49:55.755  INFO 22964 --- [main] org.hibernate.dialect.Dialect            : HHH000400: Using dialect: org.hibernate.dialect.MySQL5Dialect
2021-10-09 20:49:56.804  INFO 22964 --- [main] j.LocalContainerEntityManagerFactoryBean : Initialized JPA EntityManagerFactory for persistence unit 'default'
2021-10-09 20:49:57.128  INFO 22964 --- [main] o.h.h.i.QueryTranslatorFactoryInitiator  : HHH000397: Using ASTQueryTranslatorFactory
2021-10-09 20:49:58.142  INFO 22964 --- [main] o.s.s.concurrent.ThreadPoolTaskExecutor  : Initializing ExecutorService 'applicationTaskExecutor'
2021-10-09 20:49:58.215  WARN 22964 --- [main] aWebConfiguration$JpaWebMvcConfiguration : spring.jpa.open-in-view is enabled by default. Therefore, database queries may be performed during view rendering. Explicitly configure spring.jpa.open-in-view to disable this warning
2021-10-09 20:49:58.599  INFO 22964 --- [main] tn.esprit.spring.EmployeServiceTests     : Started EmployeServiceTests in 5.807 seconds (JVM running for 6.92)
2021-10-09 20:49:59.423  INFO 22964 --- [Thread-1] o.s.s.concurrent.ThreadPoolTaskExecutor  : Shutting down ExecutorService 'applicationTaskExecutor'
2021-10-09 20:49:59.424  INFO 22964 --- [Thread-1] j.LocalContainerEntityManagerFactoryBean : Closing JPA EntityManagerFactory for persistence unit 'default'
2021-10-09 20:49:59.427  INFO 22964 --- [Thread-1] com.zaxxer.hikari.HikariDataSource       : HikariPool-1 - Shutdown initiated...
2021-10-09 20:49:59.431  INFO 22964 --- [Thread-1] com.zaxxer.hikari.HikariDataSource       : HikariPool-1 - Shutdown completed.
2021-10-09 21:43:51.378  INFO 19312 --- [main] tn.esprit.spring.EmployeServiceTests     : Starting EmployeServiceTests on LAPTOP-O4ING8EK with PID 19312 (started by HP in C:\Users\HP\Documents\DevOps\Timesheet-spring-boot-core-data-jpa-mvc-REST-1)
2021-10-09 21:43:51.380  INFO 19312 --- [main] tn.esprit.spring.EmployeServiceTests     : No active profile set, falling back to default profiles: default
2021-10-09 21:43:52.279  INFO 19312 --- [main] .s.d.r.c.RepositoryConfigurationDelegate : Bootstrapping Spring Data repositories in DEFAULT mode.
2021-10-09 21:43:52.378  INFO 19312 --- [main] .s.d.r.c.RepositoryConfigurationDelegate : Finished Spring Data repository scanning in 88ms. Found 6 repository interfaces.
2021-10-09 21:43:52.779  INFO 19312 --- [main] trationDelegate$BeanPostProcessorChecker : Bean 'org.springframework.transaction.annotation.ProxyTransactionManagementConfiguration' of type [org.springframework.transaction.annotation.ProxyTransactionManagementConfiguration$$EnhancerBySpringCGLIB$$5d912d49] is not eligible for getting processed by all BeanPostProcessors (for example: not eligible for auto-proxying)
2021-10-09 21:43:53.015  INFO 19312 --- [main] com.zaxxer.hikari.HikariDataSource       : HikariPool-1 - Starting...
2021-10-09 21:43:53.170  INFO 19312 --- [main] com.zaxxer.hikari.HikariDataSource       : HikariPool-1 - Start completed.
2021-10-09 21:43:53.246  INFO 19312 --- [main] o.hibernate.jpa.internal.util.LogHelper  : HHH000204: Processing PersistenceUnitInfo [
	name: default
	...]
2021-10-09 21:43:53.343  INFO 19312 --- [main] org.hibernate.Version                    : HHH000412: Hibernate Core {5.3.9.Final}
2021-10-09 21:43:53.345  INFO 19312 --- [main] org.hibernate.cfg.Environment            : HHH000206: hibernate.properties not found
2021-10-09 21:43:53.546  INFO 19312 --- [main] o.hibernate.annotations.common.Version   : HCANN000001: Hibernate Commons Annotations {5.0.4.Final}
2021-10-09 21:43:53.747  INFO 19312 --- [main] org.hibernate.dialect.Dialect            : HHH000400: Using dialect: org.hibernate.dialect.MySQL5Dialect
2021-10-09 21:43:54.701  INFO 19312 --- [main] j.LocalContainerEntityManagerFactoryBean : Initialized JPA EntityManagerFactory for persistence unit 'default'
2021-10-09 21:43:54.973  INFO 19312 --- [main] o.h.h.i.QueryTranslatorFactoryInitiator  : HHH000397: Using ASTQueryTranslatorFactory
2021-10-09 21:43:55.848  INFO 19312 --- [main] o.s.s.concurrent.ThreadPoolTaskExecutor  : Initializing ExecutorService 'applicationTaskExecutor'
2021-10-09 21:43:55.904  WARN 19312 --- [main] aWebConfiguration$JpaWebMvcConfiguration : spring.jpa.open-in-view is enabled by default. Therefore, database queries may be performed during view rendering. Explicitly configure spring.jpa.open-in-view to disable this warning
2021-10-09 21:43:56.209  INFO 19312 --- [main] tn.esprit.spring.EmployeServiceTests     : Started EmployeServiceTests in 5.196 seconds (JVM running for 6.086)
2021-10-09 21:43:56.867  INFO 19312 --- [Thread-1] o.s.s.concurrent.ThreadPoolTaskExecutor  : Shutting down ExecutorService 'applicationTaskExecutor'
2021-10-09 21:43:56.872  INFO 19312 --- [Thread-1] j.LocalContainerEntityManagerFactoryBean : Closing JPA EntityManagerFactory for persistence unit 'default'
2021-10-09 21:43:56.875  INFO 19312 --- [Thread-1] com.zaxxer.hikari.HikariDataSource       : HikariPool-1 - Shutdown initiated...
2021-10-09 21:43:56.879  INFO 19312 --- [Thread-1] com.zaxxer.hikari.HikariDataSource       : HikariPool-1 - Shutdown completed.
